<?xml version="1.0" encoding="UTF-8"?>
<!-- Generated by org.testng.reporters.JUnitXMLReporter -->
<testsuite ignored="0" hostname="Mahesh_Laptop" failures="0" tests="2" name="Cucumber Tests" time="0.969" errors="0" timestamp="2025-11-18T20:39:41 EST">
  <testcase classname="io.cucumber.testng.AbstractTestNGCucumberTests" name="runScenario" time="0.121"/>
  <testcase classname="io.cucumber.testng.AbstractTestNGCucumberTests" name="runScenario" time="0.012"/>
</testsuite> <!-- Cucumber Tests -->
