<?xml version="1.0" encoding="UTF-8"?>
<testng-results ignored="0" total="2" passed="2" failed="0" skipped="0">
  <reporter-output>
  </reporter-output>
  <suite started-at="2025-11-18T20:39:40 EST" name="Cucumber Suite" finished-at="2025-11-18T20:39:41 EST" duration-ms="969">
    <groups>
      <group name="cucumber">
        <method signature="AbstractTestNGCucumberTests.runScenario(io.cucumber.testng.PickleWrapper,io.cucumber.testng.FeatureWrapper)[pri:0, instance:runner.TestNGRunner@27ce24aa]" name="runScenario" class="io.cucumber.testng.AbstractTestNGCucumberTests"/>
      </group> <!-- cucumber -->
    </groups>
    <test started-at="2025-11-18T20:39:40 EST" name="Cucumber Tests" finished-at="2025-11-18T20:39:41 EST" duration-ms="969">
      <class name="runner.TestNGRunner">
        <test-method is-config="true" signature="setUpClass(org.testng.ITestContext)[pri:0, instance:runner.TestNGRunner@27ce24aa]" started-at="2025-11-18T20:39:40 EST" name="setUpClass" finished-at="2025-11-18T20:39:40 EST" duration-ms="750" status="PASS">
          <params>
            <param index="0">
              <value>
                <![CDATA[org.testng.TestRunner@4e4efc1b]]>
              </value>
            </param>
          </params>
          <reporter-output>
          </reporter-output>
        </test-method> <!-- setUpClass -->
        <test-method signature="runScenario(io.cucumber.testng.PickleWrapper,io.cucumber.testng.FeatureWrapper)[pri:0, instance:runner.TestNGRunner@27ce24aa]" started-at="2025-11-18T20:39:40 EST" name="runScenario" description="Runs Cucumber Scenarios" data-provider="scenarios" finished-at="2025-11-18T20:39:41 EST" duration-ms="121" status="PASS">
          <params>
            <param index="0">
              <value>
                <![CDATA["Customer books Hotel"]]>
              </value>
            </param>
            <param index="1">
              <value>
                <![CDATA["Hotel and Flight Booking"]]>
              </value>
            </param>
          </params>
          <reporter-output>
          </reporter-output>
        </test-method> <!-- runScenario -->
        <test-method signature="runScenario(io.cucumber.testng.PickleWrapper,io.cucumber.testng.FeatureWrapper)[pri:0, instance:runner.TestNGRunner@27ce24aa]" started-at="2025-11-18T20:39:41 EST" name="runScenario" description="Runs Cucumber Scenarios" data-provider="scenarios" finished-at="2025-11-18T20:39:41 EST" duration-ms="12" status="PASS">
          <params>
            <param index="0">
              <value>
                <![CDATA["Customer books Hotel"]]>
              </value>
            </param>
            <param index="1">
              <value>
                <![CDATA["Hotel and Flight Booking"]]>
              </value>
            </param>
          </params>
          <reporter-output>
          </reporter-output>
        </test-method> <!-- runScenario -->
        <test-method is-config="true" signature="tearDownClass()[pri:0, instance:runner.TestNGRunner@27ce24aa]" started-at="2025-11-18T20:39:41 EST" name="tearDownClass" finished-at="2025-11-18T20:39:41 EST" duration-ms="21" status="PASS">
          <reporter-output>
          </reporter-output>
        </test-method> <!-- tearDownClass -->
      </class> <!-- runner.TestNGRunner -->
    </test> <!-- Cucumber Tests -->
  </suite> <!-- Cucumber Suite -->
</testng-results>
